Requirement already satisfied: pip in ./rush00_venv/lib/python3.8/site-packages (21.1.2)
Collecting asgiref==3.3.4
  Downloading asgiref-3.3.4-py3-none-any.whl (22 kB)
Collecting beautifulsoup4==4.9.3
  Downloading beautifulsoup4-4.9.3-py3-none-any.whl (115 kB)
Collecting bs4==0.0.1
  Downloading bs4-0.0.1.tar.gz (1.1 kB)
Collecting Django==3.2.3
  Downloading Django-3.2.3-py3-none-any.whl (7.9 MB)
Collecting install==1.3.4
  Downloading install-1.3.4-py3-none-any.whl (3.1 kB)
Collecting path==15.1.2
  Downloading path-15.1.2-py3-none-any.whl (21 kB)
Collecting psycopg2-binary==2.8.6
  Downloading psycopg2_binary-2.8.6-cp38-cp38-macosx_10_9_x86_64.macosx_10_9_intel.macosx_10_10_intel.macosx_10_10_x86_64.whl (1.5 MB)
Collecting pytz==2021.1
  Downloading pytz-2021.1-py2.py3-none-any.whl (510 kB)
Collecting soupsieve==2.2.1
  Downloading soupsieve-2.2.1-py3-none-any.whl (33 kB)
Collecting sqlparse==0.4.1
  Downloading sqlparse-0.4.1-py3-none-any.whl (42 kB)
Using legacy 'setup.py install' for bs4, since package 'wheel' is not installed.
Installing collected packages: soupsieve, sqlparse, pytz, beautifulsoup4, asgiref, psycopg2-binary, path, install, Django, bs4
  Attempting uninstall: soupsieve
    Found existing installation: soupsieve 2.2.1
    Uninstalling soupsieve-2.2.1:
      Successfully uninstalled soupsieve-2.2.1
  Attempting uninstall: sqlparse
    Found existing installation: sqlparse 0.4.1
    Uninstalling sqlparse-0.4.1:
      Successfully uninstalled sqlparse-0.4.1
  Attempting uninstall: pytz
    Found existing installation: pytz 2021.1
    Uninstalling pytz-2021.1:
      Successfully uninstalled pytz-2021.1
  Attempting uninstall: beautifulsoup4
    Found existing installation: beautifulsoup4 4.9.3
    Uninstalling beautifulsoup4-4.9.3:
      Successfully uninstalled beautifulsoup4-4.9.3
  Attempting uninstall: asgiref
    Found existing installation: asgiref 3.3.4
    Uninstalling asgiref-3.3.4:
      Successfully uninstalled asgiref-3.3.4
  Attempting uninstall: psycopg2-binary
    Found existing installation: psycopg2-binary 2.8.6
    Uninstalling psycopg2-binary-2.8.6:
      Successfully uninstalled psycopg2-binary-2.8.6
  Attempting uninstall: path
    Found existing installation: path 15.1.2
    Uninstalling path-15.1.2:
      Successfully uninstalled path-15.1.2
  Attempting uninstall: install
    Found existing installation: install 1.3.4
    Uninstalling install-1.3.4:
      Successfully uninstalled install-1.3.4
  Attempting uninstall: Django
    Found existing installation: Django 3.2.3
    Uninstalling Django-3.2.3:
      Successfully uninstalled Django-3.2.3
  Attempting uninstall: bs4
    Found existing installation: bs4 0.0.1
    Uninstalling bs4-0.0.1:
      Successfully uninstalled bs4-0.0.1
    Running setup.py install for bs4: started
    Running setup.py install for bs4: finished with status 'done'
Successfully installed Django-3.2.3 asgiref-3.3.4 beautifulsoup4-4.9.3 bs4-0.0.1 install-1.3.4 path-15.1.2 psycopg2-binary-2.8.6 pytz-2021.1 soupsieve-2.2.1 sqlparse-0.4.1
